<?xml version="1.0" encoding="UTF-8"?>
<!-- Generated by org.testng.reporters.JUnitReportReporter -->
<testsuite hostname="DESKTOP-0O2L4MQ" failures="0" tests="7" name="CartFunctionalityTests" time="41.977" errors="1" timestamp="2022-12-07T16:39:31 AMT" skipped="6">
  <testcase classname="CartFunctionalityTests" name="initDriverAndLoginAccountAndSetDeliveryAddress" time="41.975">
    <error message="element click intercepted: Element &lt;span class=&quot;MuiButton-label&quot;&gt;...&lt;/span&gt; is not clickable at point (926, 38). Other element would receive the click: &lt;div class=&quot;MuiDialog-container MuiDialog-scrollPaper&quot; role=&quot;none presentation&quot; tabindex=&quot;-1&quot; style=&quot;opacity: 1; transition: opacity 225ms cubic-bezier(0.4, 0, 0.2, 1) 0ms;&quot;&gt;...&lt;/div&gt;
  (Session info: chrome=108.0.5359.94)
Build info: version: &#039;4.6.0&#039;, revision: &#039;79f1c02ae20&#039;
System info: os.name: &#039;Windows 10&#039;, os.arch: &#039;amd64&#039;, os.version: &#039;10.0&#039;, java.version: &#039;17.0.2&#039;
Driver info: org.openqa.selenium.chrome.ChromeDriver
Command: [ffa5396b1945aefaa1fe16ce457b0c37, clickElement {id=27520950-2737-4952-81d9-66a894efff29}]
Capabilities {acceptInsecureCerts: false, browserName: chrome, browserVersion: 108.0.5359.94, chrome: {chromedriverVersion: 108.0.5359.71 (1e0e3868ee06..., userDataDir: C:\Users\Hamlet\AppData\Loc...}, goog:chromeOptions: {debuggerAddress: localhost:52779}, networkConnectionEnabled: false, pageLoadStrategy: normal, platformName: WINDOWS, proxy: Proxy(), se:cdp: ws://localhost:52779/devtoo..., se:cdpVersion: 108.0.5359.94, setWindowRect: true, strictFileInteractability: false, timeouts: {implicit: 0, pageLoad: 300000, script: 30000}, unhandledPromptBehavior: dismiss and notify, webauthn:extension:credBlob: true, webauthn:extension:largeBlob: true, webauthn:virtualAuthenticators: true}
Element: [[ChromeDriver: chrome on WINDOWS (ffa5396b1945aefaa1fe16ce457b0c37)] -&gt; xpath: //span[text()=&#039;Մուտք&#039;]]
Session ID: ffa5396b1945aefaa1fe16ce457b0c37" type="org.openqa.selenium.ElementClickInterceptedException">
      <![CDATA[org.openqa.selenium.ElementClickInterceptedException: element click intercepted: Element <span class="MuiButton-label">...</span> is not clickable at point (926, 38). Other element would receive the click: <div class="MuiDialog-container MuiDialog-scrollPaper" role="none presentation" tabindex="-1" style="opacity: 1; transition: opacity 225ms cubic-bezier(0.4, 0, 0.2, 1) 0ms;">...</div>
  (Session info: chrome=108.0.5359.94)
Build info: version: '4.6.0', revision: '79f1c02ae20'
System info: os.name: 'Windows 10', os.arch: 'amd64', os.version: '10.0', java.version: '17.0.2'
Driver info: org.openqa.selenium.chrome.ChromeDriver
Command: [ffa5396b1945aefaa1fe16ce457b0c37, clickElement {id=27520950-2737-4952-81d9-66a894efff29}]
Capabilities {acceptInsecureCerts: false, browserName: chrome, browserVersion: 108.0.5359.94, chrome: {chromedriverVersion: 108.0.5359.71 (1e0e3868ee06..., userDataDir: C:\Users\Hamlet\AppData\Loc...}, goog:chromeOptions: {debuggerAddress: localhost:52779}, networkConnectionEnabled: false, pageLoadStrategy: normal, platformName: WINDOWS, proxy: Proxy(), se:cdp: ws://localhost:52779/devtoo..., se:cdpVersion: 108.0.5359.94, setWindowRect: true, strictFileInteractability: false, timeouts: {implicit: 0, pageLoad: 300000, script: 30000}, unhandledPromptBehavior: dismiss and notify, webauthn:extension:credBlob: true, webauthn:extension:largeBlob: true, webauthn:virtualAuthenticators: true}
Element: [[ChromeDriver: chrome on WINDOWS (ffa5396b1945aefaa1fe16ce457b0c37)] -> xpath: //span[text()='Մուտք']]
Session ID: ffa5396b1945aefaa1fe16ce457b0c37
at java.base/jdk.internal.reflect.NativeConstructorAccessorImpl.newInstance0(Native Method)
at java.base/jdk.internal.reflect.NativeConstructorAccessorImpl.newInstance(NativeConstructorAccessorImpl.java:77)
at java.base/jdk.internal.reflect.DelegatingConstructorAccessorImpl.newInstance(DelegatingConstructorAccessorImpl.java:45)
at java.base/java.lang.reflect.Constructor.newInstanceWithCaller(Constructor.java:499)
at java.base/java.lang.reflect.Constructor.newInstance(Constructor.java:480)
at org.openqa.selenium.remote.codec.w3c.W3CHttpResponseCodec.createException(W3CHttpResponseCodec.java:200)
at org.openqa.selenium.remote.codec.w3c.W3CHttpResponseCodec.decode(W3CHttpResponseCodec.java:133)
at org.openqa.selenium.remote.codec.w3c.W3CHttpResponseCodec.decode(W3CHttpResponseCodec.java:53)
at org.openqa.selenium.remote.HttpCommandExecutor.execute(HttpCommandExecutor.java:184)
at org.openqa.selenium.remote.service.DriverCommandExecutor.invokeExecute(DriverCommandExecutor.java:167)
at org.openqa.selenium.remote.service.DriverCommandExecutor.execute(DriverCommandExecutor.java:142)
at org.openqa.selenium.remote.RemoteWebDriver.execute(RemoteWebDriver.java:541)
at org.openqa.selenium.remote.RemoteWebElement.execute(RemoteWebElement.java:257)
at org.openqa.selenium.remote.RemoteWebElement.click(RemoteWebElement.java:78)
at java.base/jdk.internal.reflect.NativeMethodAccessorImpl.invoke0(Native Method)
at java.base/jdk.internal.reflect.NativeMethodAccessorImpl.invoke(NativeMethodAccessorImpl.java:77)
at java.base/jdk.internal.reflect.DelegatingMethodAccessorImpl.invoke(DelegatingMethodAccessorImpl.java:43)
at java.base/java.lang.reflect.Method.invoke(Method.java:568)
at org.openqa.selenium.support.pagefactory.internal.LocatingElementHandler.invoke(LocatingElementHandler.java:52)
at jdk.proxy2/jdk.proxy2.$Proxy14.click(Unknown Source)
at pages.HomePage.loginAccount(HomePage.java:35)
at CartFunctionalityTests.initDriverAndLoginAccountAndSetDeliveryAddress(CartFunctionalityTests.java:33)
at java.base/jdk.internal.reflect.NativeMethodAccessorImpl.invoke0(Native Method)
at java.base/jdk.internal.reflect.NativeMethodAccessorImpl.invoke(NativeMethodAccessorImpl.java:77)
at java.base/jdk.internal.reflect.DelegatingMethodAccessorImpl.invoke(DelegatingMethodAccessorImpl.java:43)
at java.base/java.lang.reflect.Method.invoke(Method.java:568)
at org.testng.internal.invokers.MethodInvocationHelper.invokeMethod(MethodInvocationHelper.java:139)
at org.testng.internal.invokers.MethodInvocationHelper.invokeMethodConsideringTimeout(MethodInvocationHelper.java:69)
at org.testng.internal.invokers.ConfigInvoker.invokeConfigurationMethod(ConfigInvoker.java:361)
at org.testng.internal.invokers.ConfigInvoker.invokeConfigurations(ConfigInvoker.java:296)
at org.testng.internal.invokers.TestInvoker.runConfigMethods(TestInvoker.java:816)
at org.testng.internal.invokers.TestInvoker.invokeMethod(TestInvoker.java:590)
at org.testng.internal.invokers.TestInvoker.invokeTestMethod(TestInvoker.java:221)
at org.testng.internal.invokers.MethodRunner.runInSequence(MethodRunner.java:50)
at org.testng.internal.invokers.TestInvoker$MethodInvocationAgent.invoke(TestInvoker.java:962)
at org.testng.internal.invokers.TestInvoker.invokeTestMethods(TestInvoker.java:194)
at org.testng.internal.invokers.TestMethodWorker.invokeTestMethods(TestMethodWorker.java:148)
at org.testng.internal.invokers.TestMethodWorker.run(TestMethodWorker.java:128)
at java.base/java.util.concurrent.ThreadPoolExecutor.runWorker(ThreadPoolExecutor.java:1136)
at java.base/java.util.concurrent.ThreadPoolExecutor$Worker.run(ThreadPoolExecutor.java:635)
at java.base/java.lang.Thread.run(Thread.java:833)
]]>
    </error>
  </testcase> <!-- initDriverAndLoginAccountAndSetDeliveryAddress -->
  <system-out/>
  <testcase classname="CartFunctionalityTests" name="TestThree" time="0.000">
    <skipped/>
  </testcase> <!-- TestThree -->
  <system-out/>
  <testcase classname="CartFunctionalityTests" name="TestOne" time="0.000">
    <skipped/>
  </testcase> <!-- TestOne -->
  <system-out/>
  <testcase classname="CartFunctionalityTests" name="TestTwo" time="0.000">
    <skipped/>
  </testcase> <!-- TestTwo -->
  <system-out/>
  <testcase classname="CartFunctionalityTests" name="TestSix" time="0.001">
    <skipped/>
  </testcase> <!-- TestSix -->
  <system-out/>
  <testcase classname="CartFunctionalityTests" name="TestFour" time="0.001">
    <skipped/>
  </testcase> <!-- TestFour -->
  <system-out/>
  <testcase classname="CartFunctionalityTests" name="TestFive" time="0.000">
    <skipped/>
  </testcase> <!-- TestFive -->
  <system-out/>
</testsuite> <!-- CartFunctionalityTests -->
