<?xml version="1.0" encoding="UTF-8"?>
<!-- Generated by org.testng.reporters.JUnitReportReporter -->
<testsuite hostname="DESKTOP-0O2L4MQ" failures="0" tests="6" name="CartFunctionalityTests" time="331.966" errors="0" timestamp="2022-12-19T16:23:16 AMT" skipped="0">
  <testcase classname="CartFunctionalityTests" name="TestTwo" time="47.559"/>
  <system-out/>
  <testcase classname="CartFunctionalityTests" name="TestFour" time="51.827"/>
  <system-out/>
  <testcase classname="CartFunctionalityTests" name="TestSix" time="58.842"/>
  <system-out/>
  <testcase classname="CartFunctionalityTests" name="TestOne" time="53.116"/>
  <system-out/>
  <testcase classname="CartFunctionalityTests" name="TestThree" time="65.397"/>
  <system-out/>
  <testcase classname="CartFunctionalityTests" name="TestFive" time="55.225"/>
  <system-out/>
</testsuite> <!-- CartFunctionalityTests -->
