<?xml version="1.0" encoding="UTF-8"?>
<!-- Generated by org.testng.reporters.JUnitReportReporter -->
<testsuite hostname="DESKTOP-0O2L4MQ" failures="0" tests="6" name="CartFunctionalityTests" time="41.606" errors="0" timestamp="2022-11-29T11:21:00 AMT" skipped="0">
  <testcase classname="CartFunctionalityTests" name="TestOne" time="21.692"/>
  <system-out/>
  <testcase classname="CartFunctionalityTests" name="TestTwo" time="0.223"/>
  <system-out/>
  <testcase classname="CartFunctionalityTests" name="TestThree" time="0.451"/>
  <system-out/>
  <testcase classname="CartFunctionalityTests" name="TestFour" time="0.360"/>
  <system-out/>
  <testcase classname="CartFunctionalityTests" name="TestFive" time="0.922"/>
  <system-out/>
  <testcase classname="CartFunctionalityTests" name="TestSix" time="17.958"/>
  <system-out/>
</testsuite> <!-- CartFunctionalityTests -->
